Flow report for Experiment
Mon Jan 04 22:28:39 2021
Quartus II Version 9.1 Build 350 03/24/2010 Service Pack 2 SJ Web Edition


---------------------
; Table of Contents ;
---------------------
  1. Legal Notice
  2. Flow Summary
  3. Flow Settings
  4. Flow Non-Default Global Settings
  5. Flow Elapsed Time
  6. Flow OS Summary
  7. Flow Log



----------------
; Legal Notice ;
----------------
Copyright (C) 1991-2010 Altera Corporation
Your use of Altera Corporation's design tools, logic functions 
and other software and tools, and its AMPP partner logic 
functions, and any output files from any of the foregoing 
(including device programming or simulation files), and any 
associated documentation or information are expressly subject 
to the terms and conditions of the Altera Program License 
Subscription Agreement, Altera MegaCore Function License 
Agreement, or other applicable license agreement, including, 
without limitation, that your use is for the sole purpose of 
programming logic devices manufactured by Altera and sold by 
Altera or its authorized distributors.  Please refer to the 
applicable agreement for further details.



+-----------------------------------------------------------------------------------+
; Flow Summary                                                                      ;
+------------------------------------+----------------------------------------------+
; Flow Status                        ; Successful - Mon Jan 04 22:28:37 2021        ;
; Quartus II Version                 ; 9.1 Build 350 03/24/2010 SP 2 SJ Web Edition ;
; Revision Name                      ; Experiment                                   ;
; Top-level Entity Name              ; Demo                                         ;
; Family                             ; Cyclone III                                  ;
; Device                             ; EP3C16Q240C8                                 ;
; Timing Models                      ; Final                                        ;
; Met timing requirements            ; N/A                                          ;
; Total logic elements               ; 161 / 15,408 ( 1 % )                         ;
;     Total combinational functions  ; 131 / 15,408 ( < 1 % )                       ;
;     Dedicated logic registers      ; 88 / 15,408 ( < 1 % )                        ;
; Total registers                    ; 88                                           ;
; Total pins                         ; 47 / 161 ( 29 % )                            ;
; Total virtual pins                 ; 0                                            ;
; Total memory bits                  ; 1,024 / 516,096 ( < 1 % )                    ;
; Embedded Multiplier 9-bit elements ; 0 / 112 ( 0 % )                              ;
; Total PLLs                         ; 0 / 4 ( 0 % )                                ;
+------------------------------------+----------------------------------------------+


+-----------------------------------------+
; Flow Settings                           ;
+-------------------+---------------------+
; Option            ; Setting             ;
+-------------------+---------------------+
; Start date & time ; 01/04/2021 22:28:18 ;
; Main task         ; Compilation         ;
; Revision Name     ; Experiment          ;
+-------------------+---------------------+


+--------------------------------------------------------------------------------------------------------------------+
; Flow Non-Default Global Settings                                                                                   ;
+------------------------------------+--------------------------------+---------------+-------------+----------------+
; Assignment Name                    ; Value                          ; Default Value ; Entity Name ; Section Id     ;
+------------------------------------+--------------------------------+---------------+-------------+----------------+
; COMPILER_SIGNATURE_ID              ; 62021803013326.160977049815992 ; --            ; --          ; --             ;
; IP_TOOL_NAME                       ; LPM_FF                         ; --            ; --          ; --             ;
; IP_TOOL_NAME                       ; LPM_MUX                        ; --            ; --          ; --             ;
; IP_TOOL_NAME                       ; LPM_DECODE                     ; --            ; --          ; --             ;
; IP_TOOL_NAME                       ; LPM_ADD_SUB                    ; --            ; --          ; --             ;
; IP_TOOL_NAME                       ; LPM_AND                        ; --            ; --          ; --             ;
; IP_TOOL_NAME                       ; LPM_INV                        ; --            ; --          ; --             ;
; IP_TOOL_NAME                       ; LPM_MUX                        ; --            ; --          ; --             ;
; IP_TOOL_NAME                       ; LPM_ADD_SUB                    ; --            ; --          ; --             ;
; IP_TOOL_NAME                       ; LPM_OR                         ; --            ; --          ; --             ;
; IP_TOOL_NAME                       ; LPM_RAM_DQ                     ; --            ; --          ; --             ;
; IP_TOOL_NAME                       ; LPM_ROM                        ; --            ; --          ; --             ;
; IP_TOOL_NAME                       ; LPM_MUX                        ; --            ; --          ; --             ;
; IP_TOOL_NAME                       ; LPM_FF                         ; --            ; --          ; --             ;
; IP_TOOL_NAME                       ; LPM_BUSTRI                     ; --            ; --          ; --             ;
; IP_TOOL_NAME                       ; LPM_BUSTRI                     ; --            ; --          ; --             ;
; IP_TOOL_NAME                       ; LPM_MUX                        ; --            ; --          ; --             ;
; IP_TOOL_NAME                       ; LPM_FF                         ; --            ; --          ; --             ;
; IP_TOOL_NAME                       ; LPM_COUNTER                    ; --            ; --          ; --             ;
; IP_TOOL_NAME                       ; LPM_FF                         ; --            ; --          ; --             ;
; IP_TOOL_VERSION                    ; 9.1                            ; --            ; --          ; --             ;
; IP_TOOL_VERSION                    ; 9.1                            ; --            ; --          ; --             ;
; IP_TOOL_VERSION                    ; 9.1                            ; --            ; --          ; --             ;
; IP_TOOL_VERSION                    ; 9.1                            ; --            ; --          ; --             ;
; IP_TOOL_VERSION                    ; 9.1                            ; --            ; --          ; --             ;
; IP_TOOL_VERSION                    ; 9.1                            ; --            ; --          ; --             ;
; IP_TOOL_VERSION                    ; 9.1                            ; --            ; --          ; --             ;
; IP_TOOL_VERSION                    ; 9.1                            ; --            ; --          ; --             ;
; IP_TOOL_VERSION                    ; 9.1                            ; --            ; --          ; --             ;
; IP_TOOL_VERSION                    ; 9.1                            ; --            ; --          ; --             ;
; IP_TOOL_VERSION                    ; 9.1                            ; --            ; --          ; --             ;
; IP_TOOL_VERSION                    ; 9.1                            ; --            ; --          ; --             ;
; IP_TOOL_VERSION                    ; 9.1                            ; --            ; --          ; --             ;
; IP_TOOL_VERSION                    ; 9.1                            ; --            ; --          ; --             ;
; IP_TOOL_VERSION                    ; 9.1                            ; --            ; --          ; --             ;
; IP_TOOL_VERSION                    ; 9.1                            ; --            ; --          ; --             ;
; IP_TOOL_VERSION                    ; 9.1                            ; --            ; --          ; --             ;
; IP_TOOL_VERSION                    ; 9.1                            ; --            ; --          ; --             ;
; IP_TOOL_VERSION                    ; 9.1                            ; --            ; --          ; --             ;
; MAX_CORE_JUNCTION_TEMP             ; 85                             ; --            ; --          ; --             ;
; MIN_CORE_JUNCTION_TEMP             ; 0                              ; --            ; --          ; --             ;
; MISC_FILE                          ; lpm_dff0.tdf                   ; --            ; --          ; --             ;
; MISC_FILE                          ; lpm_dff0.bsf                   ; --            ; --          ; --             ;
; MISC_FILE                          ; lpm_dff0.inc                   ; --            ; --          ; --             ;
; MISC_FILE                          ; lpm_mux0.tdf                   ; --            ; --          ; --             ;
; MISC_FILE                          ; lpm_mux0.bsf                   ; --            ; --          ; --             ;
; MISC_FILE                          ; lpm_mux0.inc                   ; --            ; --          ; --             ;
; MISC_FILE                          ; lpm_decode0.tdf                ; --            ; --          ; --             ;
; MISC_FILE                          ; lpm_decode0.bsf                ; --            ; --          ; --             ;
; MISC_FILE                          ; lpm_decode0.inc                ; --            ; --          ; --             ;
; MISC_FILE                          ; lpm_add_sub0.tdf               ; --            ; --          ; --             ;
; MISC_FILE                          ; lpm_add_sub0.bsf               ; --            ; --          ; --             ;
; MISC_FILE                          ; lpm_add_sub0.inc               ; --            ; --          ; --             ;
; MISC_FILE                          ; lpm_and0.tdf                   ; --            ; --          ; --             ;
; MISC_FILE                          ; lpm_and0.bsf                   ; --            ; --          ; --             ;
; MISC_FILE                          ; lpm_and0.inc                   ; --            ; --          ; --             ;
; MISC_FILE                          ; lpm_inv0.tdf                   ; --            ; --          ; --             ;
; MISC_FILE                          ; lpm_inv0.bsf                   ; --            ; --          ; --             ;
; MISC_FILE                          ; lpm_inv0.inc                   ; --            ; --          ; --             ;
; MISC_FILE                          ; lpm_mux1.tdf                   ; --            ; --          ; --             ;
; MISC_FILE                          ; lpm_mux1.bsf                   ; --            ; --          ; --             ;
; MISC_FILE                          ; lpm_mux1.inc                   ; --            ; --          ; --             ;
; MISC_FILE                          ; lpm_add_sub1.tdf               ; --            ; --          ; --             ;
; MISC_FILE                          ; lpm_add_sub1.bsf               ; --            ; --          ; --             ;
; MISC_FILE                          ; lpm_add_sub1.inc               ; --            ; --          ; --             ;
; MISC_FILE                          ; lpm_or0.tdf                    ; --            ; --          ; --             ;
; MISC_FILE                          ; lpm_or0.bsf                    ; --            ; --          ; --             ;
; MISC_FILE                          ; lpm_or0.inc                    ; --            ; --          ; --             ;
; MISC_FILE                          ; lpm_ram_dq0.tdf                ; --            ; --          ; --             ;
; MISC_FILE                          ; lpm_ram_dq0.bsf                ; --            ; --          ; --             ;
; MISC_FILE                          ; lpm_ram_dq0.inc                ; --            ; --          ; --             ;
; MISC_FILE                          ; lpm_rom0.tdf                   ; --            ; --          ; --             ;
; MISC_FILE                          ; lpm_rom0.bsf                   ; --            ; --          ; --             ;
; MISC_FILE                          ; lpm_rom0.inc                   ; --            ; --          ; --             ;
; MISC_FILE                          ; lpm_mux2.tdf                   ; --            ; --          ; --             ;
; MISC_FILE                          ; lpm_mux2.bsf                   ; --            ; --          ; --             ;
; MISC_FILE                          ; lpm_mux2.inc                   ; --            ; --          ; --             ;
; MISC_FILE                          ; lpm_dff1.tdf                   ; --            ; --          ; --             ;
; MISC_FILE                          ; lpm_dff1.bsf                   ; --            ; --          ; --             ;
; MISC_FILE                          ; lpm_dff1.inc                   ; --            ; --          ; --             ;
; MISC_FILE                          ; lpm_bustri0.tdf                ; --            ; --          ; --             ;
; MISC_FILE                          ; lpm_bustri0.bsf                ; --            ; --          ; --             ;
; MISC_FILE                          ; lpm_bustri0.inc                ; --            ; --          ; --             ;
; MISC_FILE                          ; lpm_bustri1.tdf                ; --            ; --          ; --             ;
; MISC_FILE                          ; lpm_bustri1.bsf                ; --            ; --          ; --             ;
; MISC_FILE                          ; lpm_bustri1.inc                ; --            ; --          ; --             ;
; MISC_FILE                          ; lpm_mux3.tdf                   ; --            ; --          ; --             ;
; MISC_FILE                          ; lpm_mux3.bsf                   ; --            ; --          ; --             ;
; MISC_FILE                          ; lpm_mux3.inc                   ; --            ; --          ; --             ;
; MISC_FILE                          ; lpm_dff2.tdf                   ; --            ; --          ; --             ;
; MISC_FILE                          ; lpm_dff2.bsf                   ; --            ; --          ; --             ;
; MISC_FILE                          ; lpm_dff2.inc                   ; --            ; --          ; --             ;
; MISC_FILE                          ; lpm_counter0.tdf               ; --            ; --          ; --             ;
; MISC_FILE                          ; lpm_counter0.bsf               ; --            ; --          ; --             ;
; MISC_FILE                          ; lpm_counter0.inc               ; --            ; --          ; --             ;
; MISC_FILE                          ; lpm_dff3.tdf                   ; --            ; --          ; --             ;
; MISC_FILE                          ; lpm_dff3.bsf                   ; --            ; --          ; --             ;
; MISC_FILE                          ; lpm_dff3.inc                   ; --            ; --          ; --             ;
; NOMINAL_CORE_SUPPLY_VOLTAGE        ; 1.2V                           ; --            ; --          ; --             ;
; PARTITION_COLOR                    ; 16764057                       ; --            ; Demo        ; Top            ;
; PARTITION_NETLIST_TYPE             ; SOURCE                         ; --            ; Demo        ; Top            ;
; TOP_LEVEL_ENTITY                   ; Demo                           ; Experiment    ; --          ; --             ;
; USE_GENERATED_PHYSICAL_CONSTRAINTS ; Off                            ; --            ; --          ; eda_blast_fpga ;
+------------------------------------+--------------------------------+---------------+-------------+----------------+


+-------------------------------------------------------------------------------------------------------------------------------+
; Flow Elapsed Time                                                                                                             ;
+---------------------------+--------------+-------------------------+---------------------+------------------------------------+
; Module Name               ; Elapsed Time ; Average Processors Used ; Peak Virtual Memory ; Total CPU Time (on all processors) ;
+---------------------------+--------------+-------------------------+---------------------+------------------------------------+
; Analysis & Synthesis      ; 00:00:06     ; 1.0                     ; 266 MB              ; 00:00:05                           ;
; Fitter                    ; 00:00:07     ; 1.0                     ; 323 MB              ; 00:00:08                           ;
; TimeQuest Timing Analyzer ; 00:00:04     ; 1.0                     ; 290 MB              ; 00:00:03                           ;
; Assembler                 ; 00:00:02     ; 1.0                     ; 263 MB              ; 00:00:01                           ;
; Total                     ; 00:00:17     ; --                      ; --                  ; 00:00:16                           ;
+---------------------------+--------------+-------------------------+---------------------+------------------------------------+


+--------------------------------------------------------------------------------------------+
; Flow OS Summary                                                                            ;
+---------------------------+------------------+---------------+------------+----------------+
; Module Name               ; Machine Hostname ; OS Name       ; OS Version ; Processor type ;
+---------------------------+------------------+---------------+------------+----------------+
; Analysis & Synthesis      ; LAPTOP-BDHVCF29  ; Windows Vista ; 6.2        ; x86_64         ;
; Fitter                    ; LAPTOP-BDHVCF29  ; Windows Vista ; 6.2        ; x86_64         ;
; Assembler                 ; LAPTOP-BDHVCF29  ; Windows Vista ; 6.2        ; x86_64         ;
; TimeQuest Timing Analyzer ; LAPTOP-BDHVCF29  ; Windows Vista ; 6.2        ; x86_64         ;
+---------------------------+------------------+---------------+------------+----------------+


------------
; Flow Log ;
------------
quartus_map --read_settings_files=on --write_settings_files=off Experiment -c Experiment
quartus_fit --read_settings_files=off --write_settings_files=off Experiment -c Experiment
quartus_asm --read_settings_files=off --write_settings_files=off Experiment -c Experiment
quartus_sta Experiment -c Experiment



